<?xml version="1.0" encoding="UTF-8"?>
<!-- Generated by org.testng.reporters.JUnitReportReporter -->
<testsuite hostname="LAPTOP-DS508BJT" failures="0" tests="1" name="day10.BingTest" time="6.255" errors="0" timestamp="2021-04-11T19:38:40 IST" skipped="0">
  <testcase classname="day10.BingTest" name="googleTest" time="6.255"/>
  <system-out/>
</testsuite> <!-- day10.BingTest -->
