<?xml version="1.0" encoding="UTF-8"?>
<!-- Generated by org.testng.reporters.JUnitReportReporter -->
<testsuite hostname="LAPTOP-DS508BJT" failures="0" tests="1" name="day10.FluentWaitEx" time="1.726" errors="0" timestamp="2021-03-22T18:16:56 IST" skipped="0">
  <testcase classname="day10.FluentWaitEx" name="f" time="1.726"/>
  <system-out/>
</testsuite> <!-- day10.FluentWaitEx -->
