<?xml version="1.0" encoding="UTF-8"?>
<!-- Generated by org.testng.reporters.JUnitReportReporter -->
<testsuite hostname="LAPTOP-DS508BJT" failures="0" tests="1" name="day10.Grouping" time="0.080" errors="0" timestamp="2021-03-22T17:45:08 IST" skipped="0">
  <testcase classname="day10.Grouping" name="f2" time="0.080"/>
  <system-out/>
</testsuite> <!-- day10.Grouping -->
