<?xml version="1.0" encoding="UTF-8"?>
<!-- Generated by org.testng.reporters.JUnitReportReporter -->
<testsuite hostname="LAPTOP-DS508BJT" failures="0" tests="1" name="day10.CSVReading" time="0.077" errors="0" timestamp="2021-03-22T17:15:27 IST" skipped="0">
  <testcase classname="day10.CSVReading" name="f" time="0.077"/>
  <system-out/>
</testsuite> <!-- day10.CSVReading -->
