<?xml version="1.0" encoding="UTF-8"?>
<!-- Generated by org.testng.reporters.JUnitReportReporter -->
<testsuite hostname="LAPTOP-DS508BJT" failures="0" tests="1" name="day10.Scrolling" time="6.543" errors="0" timestamp="2021-03-22T16:21:43 IST" skipped="0">
  <testcase classname="day10.Scrolling" name="f" time="6.543"/>
  <system-out/>
</testsuite> <!-- day10.Scrolling -->
