<?xml version="1.0" encoding="UTF-8"?>
<!-- Generated by org.testng.reporters.JUnitReportReporter -->
<testsuite skipped="0" hostname="LAPTOP-DS508BJT" name="day10.BingTest" tests="1" failures="0" timestamp="2021-04-23T10:00:50 IST" time="3.988" errors="0">
  <testcase name="googleTest" time="3.988" classname="day10.BingTest"/>
  <system-out/>
</testsuite> <!-- day10.BingTest -->
